{"C:\\Coding\\Projetos\\kiro-projects\\hail-to-the-king-core-hub\\src\\utils\\format.ts": {"path":"C:\\Coding\\Projetos\\kiro-projects\\hail-to-the-king-core-hub\\src\\utils\\format.ts","all":false,"statementMap":{"11":{"start":{"line":12,"column":0},"end":{"line":12,"column":49}},"12":{"start":{"line":13,"column":0},"end":{"line":13,"column":50}},"13":{"start":{"line":14,"column":0},"end":{"line":14,"column":15}},"14":{"start":{"line":15,"column":0},"end":{"line":15,"column":3}},"16":{"start":{"line":17,"column":0},"end":{"line":17,"column":42}},"17":{"start":{"line":18,"column":0},"end":{"line":18,"column":15}},"18":{"start":{"line":19,"column":0},"end":{"line":19,"column":3}},"19":{"start":{"line":20,"column":0},"end":{"line":20,"column":18}},"20":{"start":{"line":21,"column":0},"end":{"line":21,"column":7}},"21":{"start":{"line":22,"column":0},"end":{"line":22,"column":20}},"22":{"start":{"line":23,"column":0},"end":{"line":23,"column":11}},"24":{"start":{"line":25,"column":0},"end":{"line":25,"column":15}},"25":{"start":{"line":26,"column":0},"end":{"line":26,"column":3}},"26":{"start":{"line":27,"column":0},"end":{"line":27,"column":77}},"27":{"start":{"line":28,"column":0},"end":{"line":28,"column":15}},"28":{"start":{"line":29,"column":0},"end":{"line":29,"column":3}},"29":{"start":{"line":30,"column":0},"end":{"line":30,"column":13}},"30":{"start":{"line":31,"column":0},"end":{"line":31,"column":1}},"36":{"start":{"line":37,"column":0},"end":{"line":37,"column":56}},"37":{"start":{"line":38,"column":0},"end":{"line":38,"column":42}},"38":{"start":{"line":39,"column":0},"end":{"line":39,"column":15}},"39":{"start":{"line":40,"column":0},"end":{"line":40,"column":3}},"42":{"start":{"line":43,"column":0},"end":{"line":43,"column":54}},"43":{"start":{"line":44,"column":0},"end":{"line":44,"column":15}},"44":{"start":{"line":45,"column":0},"end":{"line":45,"column":15}},"45":{"start":{"line":46,"column":0},"end":{"line":46,"column":3}},"47":{"start":{"line":48,"column":0},"end":{"line":48,"column":37}},"48":{"start":{"line":49,"column":0},"end":{"line":49,"column":31}},"49":{"start":{"line":50,"column":0},"end":{"line":50,"column":32}},"50":{"start":{"line":51,"column":0},"end":{"line":51,"column":30}},"52":{"start":{"line":53,"column":0},"end":{"line":53,"column":6}},"53":{"start":{"line":54,"column":0},"end":{"line":54,"column":39}},"54":{"start":{"line":55,"column":0},"end":{"line":55,"column":22}},"55":{"start":{"line":56,"column":0},"end":{"line":56,"column":19}},"56":{"start":{"line":57,"column":0},"end":{"line":57,"column":5}},"57":{"start":{"line":58,"column":0},"end":{"line":58,"column":15}},"58":{"start":{"line":59,"column":0},"end":{"line":59,"column":3}},"60":{"start":{"line":61,"column":0},"end":{"line":61,"column":76}},"61":{"start":{"line":62,"column":0},"end":{"line":62,"column":1}},"67":{"start":{"line":68,"column":0},"end":{"line":68,"column":57}},"68":{"start":{"line":69,"column":0},"end":{"line":69,"column":38}},"69":{"start":{"line":70,"column":0},"end":{"line":70,"column":15}},"70":{"start":{"line":71,"column":0},"end":{"line":71,"column":3}},"71":{"start":{"line":72,"column":0},"end":{"line":72,"column":17}},"72":{"start":{"line":73,"column":0},"end":{"line":73,"column":1}}},"s":{"11":1,"12":214,"13":32,"14":32,"16":214,"17":1,"18":1,"19":181,"20":181,"21":181,"22":214,"24":0,"25":0,"26":214,"27":2,"28":2,"29":179,"30":179,"36":1,"37":110,"38":1,"39":1,"42":109,"43":110,"44":2,"45":2,"47":107,"48":107,"49":107,"50":107,"52":107,"53":110,"54":110,"55":110,"56":110,"57":4,"58":4,"60":103,"61":103,"67":1,"68":104,"69":1,"70":1,"71":103,"72":103},"branchMap":{"0":{"type":"branch","line":12,"loc":{"start":{"line":12,"column":7},"end":{"line":31,"column":1}},"locations":[{"start":{"line":12,"column":7},"end":{"line":31,"column":1}}]},"1":{"type":"branch","line":13,"loc":{"start":{"line":13,"column":12},"end":{"line":13,"column":39}},"locations":[{"start":{"line":13,"column":12},"end":{"line":13,"column":39}}]},"2":{"type":"branch","line":13,"loc":{"start":{"line":13,"column":26},"end":{"line":13,"column":49}},"locations":[{"start":{"line":13,"column":26},"end":{"line":13,"column":49}}]},"3":{"type":"branch","line":13,"loc":{"start":{"line":13,"column":49},"end":{"line":15,"column":3}},"locations":[{"start":{"line":13,"column":49},"end":{"line":15,"column":3}}]},"4":{"type":"branch","line":15,"loc":{"start":{"line":15,"column":2},"end":{"line":17,"column":31}},"locations":[{"start":{"line":15,"column":2},"end":{"line":17,"column":31}}]},"5":{"type":"branch","line":17,"loc":{"start":{"line":17,"column":19},"end":{"line":17,"column":41}},"locations":[{"start":{"line":17,"column":19},"end":{"line":17,"column":41}}]},"6":{"type":"branch","line":17,"loc":{"start":{"line":17,"column":41},"end":{"line":19,"column":3}},"locations":[{"start":{"line":17,"column":41},"end":{"line":19,"column":3}}]},"7":{"type":"branch","line":19,"loc":{"start":{"line":19,"column":2},"end":{"line":23,"column":10}},"locations":[{"start":{"line":19,"column":2},"end":{"line":23,"column":10}}]},"8":{"type":"branch","line":23,"loc":{"start":{"line":23,"column":2},"end":{"line":26,"column":3}},"locations":[{"start":{"line":23,"column":2},"end":{"line":26,"column":3}}]},"9":{"type":"branch","line":26,"loc":{"start":{"line":26,"column":2},"end":{"line":27,"column":20}},"locations":[{"start":{"line":26,"column":2},"end":{"line":27,"column":20}}]},"10":{"type":"branch","line":27,"loc":{"start":{"line":27,"column":14},"end":{"line":27,"column":38}},"locations":[{"start":{"line":27,"column":14},"end":{"line":27,"column":38}}]},"11":{"type":"branch","line":27,"loc":{"start":{"line":27,"column":28},"end":{"line":27,"column":61}},"locations":[{"start":{"line":27,"column":28},"end":{"line":27,"column":61}}]},"12":{"type":"branch","line":27,"loc":{"start":{"line":27,"column":46},"end":{"line":27,"column":76}},"locations":[{"start":{"line":27,"column":46},"end":{"line":27,"column":76}}]},"13":{"type":"branch","line":27,"loc":{"start":{"line":27,"column":76},"end":{"line":29,"column":3}},"locations":[{"start":{"line":27,"column":76},"end":{"line":29,"column":3}}]},"14":{"type":"branch","line":29,"loc":{"start":{"line":29,"column":2},"end":{"line":31,"column":1}},"locations":[{"start":{"line":29,"column":2},"end":{"line":31,"column":1}}]},"15":{"type":"branch","line":37,"loc":{"start":{"line":37,"column":7},"end":{"line":62,"column":1}},"locations":[{"start":{"line":37,"column":7},"end":{"line":62,"column":1}}]},"16":{"type":"branch","line":38,"loc":{"start":{"line":38,"column":14},"end":{"line":38,"column":41}},"locations":[{"start":{"line":38,"column":14},"end":{"line":38,"column":41}}]},"17":{"type":"branch","line":38,"loc":{"start":{"line":38,"column":41},"end":{"line":40,"column":3}},"locations":[{"start":{"line":38,"column":41},"end":{"line":40,"column":3}}]},"18":{"type":"branch","line":40,"loc":{"start":{"line":40,"column":2},"end":{"line":44,"column":14}},"locations":[{"start":{"line":40,"column":2},"end":{"line":44,"column":14}}]},"19":{"type":"branch","line":44,"loc":{"start":{"line":44,"column":14},"end":{"line":46,"column":3}},"locations":[{"start":{"line":44,"column":14},"end":{"line":46,"column":3}}]},"20":{"type":"branch","line":46,"loc":{"start":{"line":46,"column":2},"end":{"line":54,"column":28}},"locations":[{"start":{"line":46,"column":2},"end":{"line":54,"column":28}}]},"21":{"type":"branch","line":54,"loc":{"start":{"line":54,"column":23},"end":{"line":54,"column":39}},"locations":[{"start":{"line":54,"column":23},"end":{"line":54,"column":39}}]},"22":{"type":"branch","line":54,"loc":{"start":{"line":54,"column":35},"end":{"line":55,"column":13}},"locations":[{"start":{"line":54,"column":35},"end":{"line":55,"column":13}}]},"23":{"type":"branch","line":55,"loc":{"start":{"line":55,"column":8},"end":{"line":55,"column":22}},"locations":[{"start":{"line":55,"column":8},"end":{"line":55,"column":22}}]},"24":{"type":"branch","line":55,"loc":{"start":{"line":55,"column":17},"end":{"line":56,"column":13}},"locations":[{"start":{"line":55,"column":17},"end":{"line":56,"column":13}}]},"25":{"type":"branch","line":56,"loc":{"start":{"line":56,"column":8},"end":{"line":56,"column":19}},"locations":[{"start":{"line":56,"column":8},"end":{"line":56,"column":19}}]},"26":{"type":"branch","line":57,"loc":{"start":{"line":57,"column":4},"end":{"line":59,"column":3}},"locations":[{"start":{"line":57,"column":4},"end":{"line":59,"column":3}}]},"27":{"type":"branch","line":59,"loc":{"start":{"line":59,"column":2},"end":{"line":62,"column":1}},"locations":[{"start":{"line":59,"column":2},"end":{"line":62,"column":1}}]},"28":{"type":"branch","line":68,"loc":{"start":{"line":68,"column":7},"end":{"line":73,"column":1}},"locations":[{"start":{"line":68,"column":7},"end":{"line":73,"column":1}}]},"29":{"type":"branch","line":69,"loc":{"start":{"line":69,"column":12},"end":{"line":69,"column":37}},"locations":[{"start":{"line":69,"column":12},"end":{"line":69,"column":37}}]},"30":{"type":"branch","line":69,"loc":{"start":{"line":69,"column":37},"end":{"line":71,"column":3}},"locations":[{"start":{"line":69,"column":37},"end":{"line":71,"column":3}}]},"31":{"type":"branch","line":71,"loc":{"start":{"line":71,"column":2},"end":{"line":73,"column":1}},"locations":[{"start":{"line":71,"column":2},"end":{"line":73,"column":1}}]}},"b":{"0":[214],"1":[196],"2":[186],"3":[32],"4":[182],"5":[57],"6":[1],"7":[181],"8":[0],"9":[181],"10":[179],"11":[179],"12":[179],"13":[2],"14":[179],"15":[110],"16":[109],"17":[1],"18":[109],"19":[2],"20":[107],"21":[107],"22":[107],"23":[106],"24":[105],"25":[104],"26":[4],"27":[103],"28":[104],"29":[103],"30":[1],"31":[103]},"fnMap":{"0":{"name":"formatValue","decl":{"start":{"line":12,"column":7},"end":{"line":31,"column":1}},"loc":{"start":{"line":12,"column":7},"end":{"line":31,"column":1}},"line":12},"1":{"name":"formatDate","decl":{"start":{"line":37,"column":7},"end":{"line":62,"column":1}},"loc":{"start":{"line":37,"column":7},"end":{"line":62,"column":1}},"line":37},"2":{"name":"formatPercent","decl":{"start":{"line":68,"column":7},"end":{"line":73,"column":1}},"loc":{"start":{"line":68,"column":7},"end":{"line":73,"column":1}},"line":68}},"f":{"0":214,"1":110,"2":104}}
,"C:\\Coding\\Projetos\\kiro-projects\\hail-to-the-king-core-hub\\src\\utils\\loot.ts": {"path":"C:\\Coding\\Projetos\\kiro-projects\\hail-to-the-king-core-hub\\src\\utils\\loot.ts","all":false,"statementMap":{"11":{"start":{"line":12,"column":0},"end":{"line":12,"column":74}},"12":{"start":{"line":13,"column":0},"end":{"line":13,"column":33}},"13":{"start":{"line":14,"column":0},"end":{"line":14,"column":62}},"14":{"start":{"line":15,"column":0},"end":{"line":15,"column":51}},"15":{"start":{"line":16,"column":0},"end":{"line":16,"column":5}},"16":{"start":{"line":17,"column":0},"end":{"line":17,"column":91}},"17":{"start":{"line":18,"column":0},"end":{"line":18,"column":55}},"18":{"start":{"line":19,"column":0},"end":{"line":19,"column":5}},"19":{"start":{"line":20,"column":0},"end":{"line":20,"column":85}},"20":{"start":{"line":21,"column":0},"end":{"line":21,"column":51}},"21":{"start":{"line":22,"column":0},"end":{"line":22,"column":5}},"22":{"start":{"line":23,"column":0},"end":{"line":23,"column":16}},"23":{"start":{"line":24,"column":0},"end":{"line":24,"column":5}},"24":{"start":{"line":25,"column":0},"end":{"line":25,"column":1}},"34":{"start":{"line":35,"column":0},"end":{"line":35,"column":62}},"36":{"start":{"line":37,"column":0},"end":{"line":37,"column":44}},"37":{"start":{"line":38,"column":0},"end":{"line":38,"column":29}},"38":{"start":{"line":39,"column":0},"end":{"line":39,"column":46}},"39":{"start":{"line":40,"column":0},"end":{"line":40,"column":19}},"40":{"start":{"line":41,"column":0},"end":{"line":41,"column":26}},"41":{"start":{"line":42,"column":0},"end":{"line":42,"column":12}},"42":{"start":{"line":43,"column":0},"end":{"line":43,"column":39}},"43":{"start":{"line":44,"column":0},"end":{"line":44,"column":5}},"44":{"start":{"line":45,"column":0},"end":{"line":45,"column":3}},"46":{"start":{"line":47,"column":0},"end":{"line":47,"column":32}},"48":{"start":{"line":49,"column":0},"end":{"line":49,"column":48}},"49":{"start":{"line":50,"column":0},"end":{"line":50,"column":42}},"52":{"start":{"line":53,"column":0},"end":{"line":53,"column":35}},"53":{"start":{"line":54,"column":0},"end":{"line":54,"column":25}},"54":{"start":{"line":55,"column":0},"end":{"line":55,"column":42}},"56":{"start":{"line":57,"column":0},"end":{"line":57,"column":40}},"57":{"start":{"line":58,"column":0},"end":{"line":58,"column":59}},"60":{"start":{"line":61,"column":0},"end":{"line":61,"column":75}},"61":{"start":{"line":62,"column":0},"end":{"line":62,"column":74}},"63":{"start":{"line":64,"column":0},"end":{"line":64,"column":16}},"64":{"start":{"line":65,"column":0},"end":{"line":65,"column":23}},"65":{"start":{"line":66,"column":0},"end":{"line":66,"column":25}},"66":{"start":{"line":67,"column":0},"end":{"line":67,"column":17}},"67":{"start":{"line":68,"column":0},"end":{"line":68,"column":39}},"68":{"start":{"line":69,"column":0},"end":{"line":69,"column":18}},"69":{"start":{"line":70,"column":0},"end":{"line":70,"column":7}},"70":{"start":{"line":71,"column":0},"end":{"line":71,"column":3}},"72":{"start":{"line":73,"column":0},"end":{"line":73,"column":15}},"73":{"start":{"line":74,"column":0},"end":{"line":74,"column":1}},"79":{"start":{"line":80,"column":0},"end":{"line":80,"column":57}},"80":{"start":{"line":81,"column":0},"end":{"line":81,"column":34}},"81":{"start":{"line":82,"column":0},"end":{"line":82,"column":30}},"83":{"start":{"line":84,"column":0},"end":{"line":84,"column":65}},"84":{"start":{"line":85,"column":0},"end":{"line":85,"column":60}},"86":{"start":{"line":87,"column":0},"end":{"line":87,"column":35}},"87":{"start":{"line":88,"column":0},"end":{"line":88,"column":1}}},"s":{"11":1,"12":300,"13":1365,"14":569,"15":569,"16":1365,"17":238,"18":238,"19":1365,"20":71,"21":71,"22":500,"23":300,"24":300,"34":1,"36":204,"37":204,"38":862,"39":862,"40":5,"41":862,"42":857,"43":857,"44":862,"46":204,"48":204,"49":857,"52":857,"53":857,"54":857,"56":857,"57":857,"60":857,"61":857,"63":857,"64":857,"65":857,"66":857,"67":857,"68":857,"69":857,"70":857,"72":204,"73":204,"79":857,"80":857,"81":857,"83":857,"84":857,"86":857,"87":857},"branchMap":{"0":{"type":"branch","line":12,"loc":{"start":{"line":12,"column":7},"end":{"line":25,"column":1}},"locations":[{"start":{"line":12,"column":7},"end":{"line":25,"column":1}}]},"1":{"type":"branch","line":13,"loc":{"start":{"line":13,"column":22},"end":{"line":24,"column":3}},"locations":[{"start":{"line":13,"column":22},"end":{"line":24,"column":3}}]},"2":{"type":"branch","line":14,"loc":{"start":{"line":14,"column":25},"end":{"line":14,"column":61}},"locations":[{"start":{"line":14,"column":25},"end":{"line":14,"column":61}}]},"3":{"type":"branch","line":14,"loc":{"start":{"line":14,"column":61},"end":{"line":16,"column":5}},"locations":[{"start":{"line":14,"column":61},"end":{"line":16,"column":5}}]},"4":{"type":"branch","line":15,"loc":{"start":{"line":15,"column":38},"end":{"line":15,"column":51}},"locations":[{"start":{"line":15,"column":38},"end":{"line":15,"column":51}}]},"5":{"type":"branch","line":16,"loc":{"start":{"line":16,"column":4},"end":{"line":17,"column":35}},"locations":[{"start":{"line":16,"column":4},"end":{"line":17,"column":35}}]},"6":{"type":"branch","line":17,"loc":{"start":{"line":17,"column":27},"end":{"line":17,"column":67}},"locations":[{"start":{"line":17,"column":27},"end":{"line":17,"column":67}}]},"7":{"type":"branch","line":17,"loc":{"start":{"line":17,"column":54},"end":{"line":17,"column":90}},"locations":[{"start":{"line":17,"column":54},"end":{"line":17,"column":90}}]},"8":{"type":"branch","line":17,"loc":{"start":{"line":17,"column":90},"end":{"line":19,"column":5}},"locations":[{"start":{"line":17,"column":90},"end":{"line":19,"column":5}}]},"9":{"type":"branch","line":19,"loc":{"start":{"line":19,"column":4},"end":{"line":20,"column":33}},"locations":[{"start":{"line":19,"column":4},"end":{"line":20,"column":33}}]},"10":{"type":"branch","line":20,"loc":{"start":{"line":20,"column":25},"end":{"line":20,"column":63}},"locations":[{"start":{"line":20,"column":25},"end":{"line":20,"column":63}}]},"11":{"type":"branch","line":20,"loc":{"start":{"line":20,"column":50},"end":{"line":20,"column":84}},"locations":[{"start":{"line":20,"column":50},"end":{"line":20,"column":84}}]},"12":{"type":"branch","line":20,"loc":{"start":{"line":20,"column":84},"end":{"line":22,"column":5}},"locations":[{"start":{"line":20,"column":84},"end":{"line":22,"column":5}}]},"13":{"type":"branch","line":22,"loc":{"start":{"line":22,"column":4},"end":{"line":23,"column":16}},"locations":[{"start":{"line":22,"column":4},"end":{"line":23,"column":16}}]},"14":{"type":"branch","line":35,"loc":{"start":{"line":35,"column":7},"end":{"line":74,"column":1}},"locations":[{"start":{"line":35,"column":7},"end":{"line":74,"column":1}}]},"15":{"type":"branch","line":38,"loc":{"start":{"line":38,"column":28},"end":{"line":45,"column":3}},"locations":[{"start":{"line":38,"column":28},"end":{"line":45,"column":3}}]},"16":{"type":"branch","line":40,"loc":{"start":{"line":40,"column":18},"end":{"line":42,"column":11}},"locations":[{"start":{"line":40,"column":18},"end":{"line":42,"column":11}}]},"17":{"type":"branch","line":42,"loc":{"start":{"line":42,"column":4},"end":{"line":44,"column":5}},"locations":[{"start":{"line":42,"column":4},"end":{"line":44,"column":5}}]},"18":{"type":"branch","line":49,"loc":{"start":{"line":49,"column":47},"end":{"line":71,"column":3}},"locations":[{"start":{"line":49,"column":47},"end":{"line":71,"column":3}}]},"19":{"type":"branch","line":68,"loc":{"start":{"line":68,"column":20},"end":{"line":68,"column":39}},"locations":[{"start":{"line":68,"column":20},"end":{"line":68,"column":39}}]},"20":{"type":"branch","line":54,"loc":{"start":{"line":54,"column":11},"end":{"line":54,"column":24}},"locations":[{"start":{"line":54,"column":11},"end":{"line":54,"column":24}}]},"21":{"type":"branch","line":55,"loc":{"start":{"line":55,"column":12},"end":{"line":55,"column":40}},"locations":[{"start":{"line":55,"column":12},"end":{"line":55,"column":40}}]},"22":{"type":"branch","line":80,"loc":{"start":{"line":80,"column":0},"end":{"line":88,"column":1}},"locations":[{"start":{"line":80,"column":0},"end":{"line":88,"column":1}}]}},"b":{"0":[300],"1":[1365],"2":[1221],"3":[569],"4":[556],"5":[809],"6":[762],"7":[238],"8":[238],"9":[571],"10":[543],"11":[71],"12":[71],"13":[500],"14":[204],"15":[862],"16":[5],"17":[857],"18":[857],"19":[0],"20":[862],"21":[7],"22":[857]},"fnMap":{"0":{"name":"filterLoots","decl":{"start":{"line":12,"column":7},"end":{"line":25,"column":1}},"loc":{"start":{"line":12,"column":7},"end":{"line":25,"column":1}},"line":12},"1":{"name":"computeLootStats","decl":{"start":{"line":35,"column":7},"end":{"line":74,"column":1}},"loc":{"start":{"line":35,"column":7},"end":{"line":74,"column":1}},"line":35},"2":{"name":"diffInMonths","decl":{"start":{"line":80,"column":0},"end":{"line":88,"column":1}},"loc":{"start":{"line":80,"column":0},"end":{"line":88,"column":1}},"line":80}},"f":{"0":300,"1":204,"2":857}}
,"C:\\Coding\\Projetos\\kiro-projects\\hail-to-the-king-core-hub\\src\\utils\\progression.ts": {"path":"C:\\Coding\\Projetos\\kiro-projects\\hail-to-the-king-core-hub\\src\\utils\\progression.ts","all":false,"statementMap":{"11":{"start":{"line":12,"column":0},"end":{"line":12,"column":35}},"12":{"start":{"line":13,"column":0},"end":{"line":13,"column":16}},"13":{"start":{"line":14,"column":0},"end":{"line":14,"column":55}},"14":{"start":{"line":15,"column":0},"end":{"line":15,"column":28}},"15":{"start":{"line":16,"column":0},"end":{"line":16,"column":47}},"16":{"start":{"line":17,"column":0},"end":{"line":17,"column":3}},"18":{"start":{"line":19,"column":0},"end":{"line":19,"column":30}},"19":{"start":{"line":20,"column":0},"end":{"line":20,"column":68}},"20":{"start":{"line":21,"column":0},"end":{"line":21,"column":53}},"22":{"start":{"line":23,"column":0},"end":{"line":23,"column":36}},"23":{"start":{"line":24,"column":0},"end":{"line":24,"column":1}},"28":{"start":{"line":29,"column":0},"end":{"line":29,"column":72}},"29":{"start":{"line":30,"column":0},"end":{"line":30,"column":56}},"30":{"start":{"line":31,"column":0},"end":{"line":31,"column":16}},"31":{"start":{"line":32,"column":0},"end":{"line":32,"column":3}},"32":{"start":{"line":33,"column":0},"end":{"line":33,"column":13}},"33":{"start":{"line":34,"column":0},"end":{"line":34,"column":1}}},"s":{"11":1,"12":101,"13":101,"14":101,"15":8,"16":8,"18":93,"19":93,"20":93,"22":93,"23":93,"28":1,"29":104,"30":3,"31":3,"32":101,"33":101},"branchMap":{"0":{"type":"branch","line":12,"loc":{"start":{"line":12,"column":7},"end":{"line":24,"column":1}},"locations":[{"start":{"line":12,"column":7},"end":{"line":24,"column":1}}]},"1":{"type":"branch","line":15,"loc":{"start":{"line":15,"column":27},"end":{"line":17,"column":3}},"locations":[{"start":{"line":15,"column":27},"end":{"line":17,"column":3}}]},"2":{"type":"branch","line":17,"loc":{"start":{"line":17,"column":2},"end":{"line":24,"column":1}},"locations":[{"start":{"line":17,"column":2},"end":{"line":24,"column":1}}]},"3":{"type":"branch","line":20,"loc":{"start":{"line":20,"column":31},"end":{"line":20,"column":59}},"locations":[{"start":{"line":20,"column":31},"end":{"line":20,"column":59}}]},"4":{"type":"branch","line":29,"loc":{"start":{"line":29,"column":7},"end":{"line":34,"column":1}},"locations":[{"start":{"line":29,"column":7},"end":{"line":34,"column":1}}]},"5":{"type":"branch","line":30,"loc":{"start":{"line":30,"column":14},"end":{"line":30,"column":43}},"locations":[{"start":{"line":30,"column":14},"end":{"line":30,"column":43}}]},"6":{"type":"branch","line":30,"loc":{"start":{"line":30,"column":30},"end":{"line":30,"column":55}},"locations":[{"start":{"line":30,"column":30},"end":{"line":30,"column":55}}]},"7":{"type":"branch","line":30,"loc":{"start":{"line":30,"column":55},"end":{"line":32,"column":3}},"locations":[{"start":{"line":30,"column":55},"end":{"line":32,"column":3}}]},"8":{"type":"branch","line":32,"loc":{"start":{"line":32,"column":2},"end":{"line":34,"column":1}},"locations":[{"start":{"line":32,"column":2},"end":{"line":34,"column":1}}]}},"b":{"0":[101],"1":[8],"2":[93],"3":[436],"4":[104],"5":[103],"6":[102],"7":[3],"8":[101]},"fnMap":{"0":{"name":"computeProgression","decl":{"start":{"line":12,"column":7},"end":{"line":24,"column":1}},"loc":{"start":{"line":12,"column":7},"end":{"line":24,"column":1}},"line":12},"1":{"name":"safeUrl","decl":{"start":{"line":29,"column":7},"end":{"line":34,"column":1}},"loc":{"start":{"line":29,"column":7},"end":{"line":34,"column":1}},"line":29}},"f":{"0":101,"1":104}}
,"C:\\Coding\\Projetos\\kiro-projects\\hail-to-the-king-core-hub\\src\\utils\\roster.ts": {"path":"C:\\Coding\\Projetos\\kiro-projects\\hail-to-the-king-core-hub\\src\\utils\\roster.ts","all":false,"statementMap":{"12":{"start":{"line":13,"column":0},"end":{"line":13,"column":62}},"13":{"start":{"line":14,"column":0},"end":{"line":14,"column":38}},"14":{"start":{"line":15,"column":0},"end":{"line":15,"column":30}},"15":{"start":{"line":16,"column":0},"end":{"line":16,"column":30}},"17":{"start":{"line":18,"column":0},"end":{"line":18,"column":47}},"18":{"start":{"line":19,"column":0},"end":{"line":19,"column":31}},"19":{"start":{"line":20,"column":0},"end":{"line":20,"column":32}},"21":{"start":{"line":22,"column":0},"end":{"line":22,"column":21}},"22":{"start":{"line":23,"column":0},"end":{"line":23,"column":5}},"23":{"start":{"line":24,"column":0},"end":{"line":24,"column":1}},"28":{"start":{"line":29,"column":0},"end":{"line":29,"column":48}},"29":{"start":{"line":30,"column":0},"end":{"line":30,"column":35}},"30":{"start":{"line":31,"column":0},"end":{"line":31,"column":35}},"31":{"start":{"line":32,"column":0},"end":{"line":32,"column":28}},"32":{"start":{"line":33,"column":0},"end":{"line":33,"column":29}},"33":{"start":{"line":34,"column":0},"end":{"line":34,"column":29}},"34":{"start":{"line":35,"column":0},"end":{"line":35,"column":27}},"35":{"start":{"line":36,"column":0},"end":{"line":36,"column":27}},"36":{"start":{"line":37,"column":0},"end":{"line":37,"column":30}},"37":{"start":{"line":38,"column":0},"end":{"line":38,"column":29}},"38":{"start":{"line":39,"column":0},"end":{"line":39,"column":28}},"39":{"start":{"line":40,"column":0},"end":{"line":40,"column":29}},"40":{"start":{"line":41,"column":0},"end":{"line":41,"column":30}},"41":{"start":{"line":42,"column":0},"end":{"line":42,"column":30}},"42":{"start":{"line":43,"column":0},"end":{"line":43,"column":2}},"48":{"start":{"line":49,"column":0},"end":{"line":49,"column":73}},"49":{"start":{"line":50,"column":0},"end":{"line":50,"column":42}},"50":{"start":{"line":51,"column":0},"end":{"line":51,"column":27}},"51":{"start":{"line":52,"column":0},"end":{"line":52,"column":3}},"52":{"start":{"line":53,"column":0},"end":{"line":53,"column":46}},"53":{"start":{"line":54,"column":0},"end":{"line":54,"column":1}},"61":{"start":{"line":62,"column":0},"end":{"line":62,"column":68}},"62":{"start":{"line":63,"column":0},"end":{"line":63,"column":30}},"63":{"start":{"line":64,"column":0},"end":{"line":64,"column":30}},"64":{"start":{"line":65,"column":0},"end":{"line":65,"column":47}},"66":{"start":{"line":67,"column":0},"end":{"line":67,"column":15}},"67":{"start":{"line":68,"column":0},"end":{"line":68,"column":27}},"68":{"start":{"line":69,"column":0},"end":{"line":69,"column":87}},"69":{"start":{"line":70,"column":0},"end":{"line":70,"column":10}},"71":{"start":{"line":72,"column":0},"end":{"line":72,"column":72}},"73":{"start":{"line":74,"column":0},"end":{"line":74,"column":24}},"74":{"start":{"line":75,"column":0},"end":{"line":75,"column":61}},"75":{"start":{"line":76,"column":0},"end":{"line":76,"column":61}},"76":{"start":{"line":77,"column":0},"end":{"line":77,"column":61}},"77":{"start":{"line":78,"column":0},"end":{"line":78,"column":61}},"78":{"start":{"line":79,"column":0},"end":{"line":79,"column":4}},"80":{"start":{"line":81,"column":0},"end":{"line":81,"column":40}},"81":{"start":{"line":82,"column":0},"end":{"line":82,"column":1}}},"s":{"12":1,"13":101,"14":915,"15":915,"17":915,"18":915,"19":915,"21":646,"22":101,"23":101,"28":1,"29":1,"30":1,"31":1,"32":1,"33":1,"34":1,"35":1,"36":1,"37":1,"38":1,"39":1,"40":1,"41":1,"42":1,"48":1,"49":115,"50":2,"51":2,"52":115,"53":115,"61":1,"62":106,"63":106,"64":106,"66":106,"67":106,"68":93,"69":13,"71":106,"73":106,"74":106,"75":106,"76":106,"77":106,"78":106,"80":106,"81":106},"branchMap":{"0":{"type":"branch","line":13,"loc":{"start":{"line":13,"column":7},"end":{"line":24,"column":1}},"locations":[{"start":{"line":13,"column":7},"end":{"line":24,"column":1}}]},"1":{"type":"branch","line":14,"loc":{"start":{"line":14,"column":27},"end":{"line":23,"column":3}},"locations":[{"start":{"line":14,"column":27},"end":{"line":23,"column":3}}]},"2":{"type":"branch","line":18,"loc":{"start":{"line":18,"column":16},"end":{"line":18,"column":38}},"locations":[{"start":{"line":18,"column":16},"end":{"line":18,"column":38}}]},"3":{"type":"branch","line":18,"loc":{"start":{"line":18,"column":38},"end":{"line":18,"column":47}},"locations":[{"start":{"line":18,"column":38},"end":{"line":18,"column":47}}]},"4":{"type":"branch","line":18,"loc":{"start":{"line":18,"column":45},"end":{"line":19,"column":29}},"locations":[{"start":{"line":18,"column":45},"end":{"line":19,"column":29}}]},"5":{"type":"branch","line":19,"loc":{"start":{"line":19,"column":22},"end":{"line":19,"column":31}},"locations":[{"start":{"line":19,"column":22},"end":{"line":19,"column":31}}]},"6":{"type":"branch","line":19,"loc":{"start":{"line":19,"column":29},"end":{"line":20,"column":29}},"locations":[{"start":{"line":19,"column":29},"end":{"line":20,"column":29}}]},"7":{"type":"branch","line":20,"loc":{"start":{"line":20,"column":22},"end":{"line":20,"column":32}},"locations":[{"start":{"line":20,"column":22},"end":{"line":20,"column":32}}]},"8":{"type":"branch","line":20,"loc":{"start":{"line":20,"column":29},"end":{"line":22,"column":21}},"locations":[{"start":{"line":20,"column":29},"end":{"line":22,"column":21}}]},"9":{"type":"branch","line":49,"loc":{"start":{"line":49,"column":7},"end":{"line":54,"column":1}},"locations":[{"start":{"line":49,"column":7},"end":{"line":54,"column":1}}]},"10":{"type":"branch","line":50,"loc":{"start":{"line":50,"column":14},"end":{"line":50,"column":41}},"locations":[{"start":{"line":50,"column":14},"end":{"line":50,"column":41}}]},"11":{"type":"branch","line":50,"loc":{"start":{"line":50,"column":41},"end":{"line":52,"column":3}},"locations":[{"start":{"line":50,"column":41},"end":{"line":52,"column":3}}]},"12":{"type":"branch","line":52,"loc":{"start":{"line":52,"column":2},"end":{"line":53,"column":30}},"locations":[{"start":{"line":52,"column":2},"end":{"line":53,"column":30}}]},"13":{"type":"branch","line":53,"loc":{"start":{"line":53,"column":25},"end":{"line":53,"column":46}},"locations":[{"start":{"line":53,"column":25},"end":{"line":53,"column":46}}]},"14":{"type":"branch","line":62,"loc":{"start":{"line":62,"column":7},"end":{"line":82,"column":1}},"locations":[{"start":{"line":62,"column":7},"end":{"line":82,"column":1}}]},"15":{"type":"branch","line":68,"loc":{"start":{"line":68,"column":26},"end":{"line":69,"column":87}},"locations":[{"start":{"line":68,"column":26},"end":{"line":69,"column":87}}]},"16":{"type":"branch","line":69,"loc":{"start":{"line":69,"column":86},"end":{"line":70,"column":10}},"locations":[{"start":{"line":69,"column":86},"end":{"line":70,"column":10}}]},"17":{"type":"branch","line":72,"loc":{"start":{"line":72,"column":38},"end":{"line":72,"column":70}},"locations":[{"start":{"line":72,"column":38},"end":{"line":72,"column":70}}]},"18":{"type":"branch","line":72,"loc":{"start":{"line":72,"column":66},"end":{"line":72,"column":72}},"locations":[{"start":{"line":72,"column":66},"end":{"line":72,"column":72}}]},"19":{"type":"branch","line":64,"loc":{"start":{"line":64,"column":9},"end":{"line":64,"column":29}},"locations":[{"start":{"line":64,"column":9},"end":{"line":64,"column":29}}]},"20":{"type":"branch","line":65,"loc":{"start":{"line":65,"column":12},"end":{"line":65,"column":45}},"locations":[{"start":{"line":65,"column":12},"end":{"line":65,"column":45}}]},"21":{"type":"branch","line":69,"loc":{"start":{"line":69,"column":39},"end":{"line":69,"column":62}},"locations":[{"start":{"line":69,"column":39},"end":{"line":69,"column":62}}]},"22":{"type":"branch","line":75,"loc":{"start":{"line":75,"column":34},"end":{"line":75,"column":52}},"locations":[{"start":{"line":75,"column":34},"end":{"line":75,"column":52}}]},"23":{"type":"branch","line":76,"loc":{"start":{"line":76,"column":34},"end":{"line":76,"column":52}},"locations":[{"start":{"line":76,"column":34},"end":{"line":76,"column":52}}]},"24":{"type":"branch","line":77,"loc":{"start":{"line":77,"column":34},"end":{"line":77,"column":52}},"locations":[{"start":{"line":77,"column":34},"end":{"line":77,"column":52}}]},"25":{"type":"branch","line":78,"loc":{"start":{"line":78,"column":34},"end":{"line":78,"column":52}},"locations":[{"start":{"line":78,"column":34},"end":{"line":78,"column":52}}]}},"b":{"0":[101],"1":[915],"2":[121],"3":[45],"4":[870],"5":[76],"6":[794],"7":[148],"8":[646],"9":[115],"10":[114],"11":[2],"12":[113],"13":[0],"14":[106],"15":[93],"16":[13],"17":[93],"18":[13],"19":[480],"20":[480],"21":[400],"22":[400],"23":[400],"24":[400],"25":[400]},"fnMap":{"0":{"name":"sortPlayersByIo","decl":{"start":{"line":13,"column":7},"end":{"line":24,"column":1}},"loc":{"start":{"line":13,"column":7},"end":{"line":24,"column":1}},"line":13},"1":{"name":"getClassColor","decl":{"start":{"line":49,"column":7},"end":{"line":54,"column":1}},"loc":{"start":{"line":49,"column":7},"end":{"line":54,"column":1}},"line":49},"2":{"name":"computeMythicStats","decl":{"start":{"line":62,"column":7},"end":{"line":82,"column":1}},"loc":{"start":{"line":62,"column":7},"end":{"line":82,"column":1}},"line":62}},"f":{"0":101,"1":115,"2":106}}
}
